#
# There is insufficient memory for the Java Runtime Environment to continue.
# Native memory allocation (mmap) failed to map 117440512 bytes. Error detail: G1 virtual space
# Possible reasons:
#   The system is out of physical RAM or swap space
#   This process is running with CompressedOops enabled, and the Java Heap may be blocking the growth of the native heap
# Possible solutions:
#   Reduce memory load on the system
#   Increase physical memory or swap space
#   Check if swap backing store is full
#   Decrease Java heap size (-Xmx/-Xms)
#   Decrease number of Java threads
#   Decrease Java thread stack sizes (-Xss)
#   Set larger code cache with -XX:ReservedCodeCacheSize=
#   JVM is running with Unscaled Compressed Oops mode in which the Java heap is
#     placed in the first 4GB address space. The Java Heap base address is the
#     maximum limit for the native heap growth. Please use -XX:HeapBaseMinAddress
#     to set the Java Heap base and to place the Java Heap above 4GB virtual address.
# This output file may be truncated or incomplete.
#
#  Out of Memory Error (os_windows.cpp:3828), pid=16752, tid=20240
#
# JRE version:  (21.0.5+8) (build )
# Java VM: OpenJDK 64-Bit Server VM (21.0.5+8-b631.16, mixed mode, sharing, tiered, compressed oops, compressed class ptrs, g1 gc, windows-amd64)
# No core dump will be written. Minidumps are not enabled by default on client versions of Windows
#

---------------  S U M M A R Y ------------

Command Line: git4idea.http.GitAskPassApp Username for 'https://github.com': 

Host: AMD Ryzen 5 3500U with Radeon Vega Mobile Gfx  , 8 cores, 6G,  Windows 11 , 64 bit Build 22621 (10.0.22621.4974)
Time: Wed Mar 12 16:39:15 2025 India Standard Time elapsed time: 0.019742 seconds (0d 0h 0m 0s)

---------------  T H R E A D  ---------------

Current thread (0x0000021a1708f3f0):  JavaThread "Unknown thread" [_thread_in_vm, id=20240, stack(0x0000009f7ce00000,0x0000009f7cf00000) (1024K)]

Stack: [0x0000009f7ce00000,0x0000009f7cf00000]
Native frames: (J=compiled Java code, j=interpreted, Vv=VM code, C=native code)
V  [jvm.dll+0x6e52b9]
V  [jvm.dll+0x8c3633]
V  [jvm.dll+0x8c5b8e]
V  [jvm.dll+0x8c6273]
V  [jvm.dll+0x288f46]
V  [jvm.dll+0x6e1a35]
V  [jvm.dll+0x6d5e3a]
V  [jvm.dll+0x3634bb]
V  [jvm.dll+0x36b086]
V  [jvm.dll+0x3bd346]
V  [jvm.dll+0x3bd618]
V  [jvm.dll+0x335c2c]
V  [jvm.dll+0x33691b]
V  [jvm.dll+0x88aa89]
V  [jvm.dll+0x3ca518]
V  [jvm.dll+0x873b98]
V  [jvm.dll+0x45eede]
V  [jvm.dll+0x460bc1]
C  [jli.dll+0x52ab]
C  [ucrtbase.dll+0x29333]
C  [KERNEL32.DLL+0x1259d]
C  [ntdll.dll+0x5af38]


---------------  P R O C E S S  ---------------

Threads class SMR info:
_java_thread_list=0x00007ffcb091a148, length=0, elements={
}

Java Threads: ( => current thread )
Total: 0

Other Threads:
  0x0000021a14d8ea90 WorkerThread "GC Thread#0"                     [id=4956, stack(0x0000009f7cf00000,0x0000009f7d000000) (1024K)]
  0x0000021a170ec4c0 ConcurrentGCThread "G1 Main Marker"            [id=12712, stack(0x0000009f7d000000,0x0000009f7d100000) (1024K)]
  0x0000021a14d90050 WorkerThread "G1 Conc#0"                       [id=18420, stack(0x0000009f7d100000,0x0000009f7d200000) (1024K)]

[error occurred during error reporting (printing all threads), id 0xc0000005, EXCEPTION_ACCESS_VIOLATION (0xc0000005) at pc=0x00007ffcb0008ce7]
VM state: not at safepoint (not fully initialized)

VM Mutex/Monitor currently owned by a thread:  ([mutex/lock_event])
[0x00007ffcb098eb30] Heap_lock - owner thread: 0x0000021a1708f3f0

Heap address: 0x0000000091000000, size: 1776 MB, Compressed Oops mode: 32-bit

CDS archive(s) mapped at: [0x0000000000000000-0x0000000000000000-0x0000000000000000), size 0, SharedBaseAddress: 0x0000000800000000, ArchiveRelocationMode: 1.
Narrow klass base: 0x0000000000000000, Narrow klass shift: 0, Narrow klass range: 0x0

GC Precious Log:
 CardTable entry size: 512
 Card Set container configuration: InlinePtr #cards 5 size 8 Array Of Cards #cards 12 size 40 Howl #buckets 4 coarsen threshold 1843 Howl Bitmap #cards 512 size 80 coarsen threshold 460 Card regions per heap region 1 cards per card region 2048

Heap:
 garbage-first heap   total 0K, used 0K [0x0000000091000000, 0x0000000100000000)
  region size 1024K, 0 young (0K), 0 survivors (0K)
 Metaspace       used 0K, committed 0K, reserved 0K
  class space    used 0K, committed 0K, reserved 0K

Heap Regions: E=young(eden), S=young(survivor), O=old, HS=humongous(starts), HC=humongous(continues), CS=collection set, F=free, TAMS=top-at-mark-start, PB=parsable bottom

Card table byte_map: [0x0000021a2a6d0000,0x0000021a2aa50000] _byte_map_base: 0x0000021a2a248000

Marking Bits: (CMBitMap*) 0x0000021a170ddde0
 Bits: [0x0000021a2aa50000, 0x0000021a2c610000)

GC Heap History (0 events):
No events

Dll operation events (1 events):
Event: 0.013 Loaded shared library D:\intellij\IntelliJ IDEA Community Edition 2024.3\jbr\bin\java.dll

Deoptimization events (0 events):
No events

Classes loaded (0 events):
No events

Classes unloaded (0 events):
No events

Classes redefined (0 events):
No events

Internal exceptions (0 events):
No events

ZGC Phase Switch (0 events):
No events

VM Operations (0 events):
No events

Memory protections (0 events):
No events

Nmethod flushes (0 events):
No events

Events (0 events):
No events


Dynamic libraries:
0x00007ff7dd240000 - 0x00007ff7dd24a000 	D:\intellij\IntelliJ IDEA Community Edition 2024.3\jbr\bin\java.exe
0x00007ffd0f5f0000 - 0x00007ffd0f807000 	C:\WINDOWS\SYSTEM32\ntdll.dll
0x00007ffd0e1e0000 - 0x00007ffd0e2a4000 	C:\WINDOWS\System32\KERNEL32.DLL
0x00007ffd0ce30000 - 0x00007ffd0d201000 	C:\WINDOWS\System32\KERNELBASE.dll
0x00007ffd0c850000 - 0x00007ffd0c961000 	C:\WINDOWS\System32\ucrtbase.dll
0x00007ffceb4a0000 - 0x00007ffceb4b8000 	D:\intellij\IntelliJ IDEA Community Edition 2024.3\jbr\bin\jli.dll
0x00007ffcf32d0000 - 0x00007ffcf32eb000 	D:\intellij\IntelliJ IDEA Community Edition 2024.3\jbr\bin\VCRUNTIME140.dll
0x00007ffd0f000000 - 0x00007ffd0f1b1000 	C:\WINDOWS\System32\USER32.dll
0x00007ffcf6120000 - 0x00007ffcf63b2000 	C:\WINDOWS\WinSxS\amd64_microsoft.windows.common-controls_6595b64144ccf1df_6.0.22621.4830_none_270fe7d773858e80\COMCTL32.dll
0x00007ffd0cb70000 - 0x00007ffd0cb96000 	C:\WINDOWS\System32\win32u.dll
0x00007ffd0d940000 - 0x00007ffd0d9e7000 	C:\WINDOWS\System32\msvcrt.dll
0x00007ffd0e2b0000 - 0x00007ffd0e2d9000 	C:\WINDOWS\System32\GDI32.dll
0x00007ffd0cba0000 - 0x00007ffd0ccbb000 	C:\WINDOWS\System32\gdi32full.dll
0x00007ffd0c7b0000 - 0x00007ffd0c84a000 	C:\WINDOWS\System32\msvcp_win.dll
0x00007ffd0dd80000 - 0x00007ffd0ddb1000 	C:\WINDOWS\System32\IMM32.DLL
0x00007ffd07930000 - 0x00007ffd0793c000 	D:\intellij\IntelliJ IDEA Community Edition 2024.3\jbr\bin\vcruntime140_1.dll
0x00007ffcaba20000 - 0x00007ffcabaad000 	D:\intellij\IntelliJ IDEA Community Edition 2024.3\jbr\bin\msvcp140.dll
0x00007ffcafcc0000 - 0x00007ffcb0a81000 	D:\intellij\IntelliJ IDEA Community Edition 2024.3\jbr\bin\server\jvm.dll
0x00007ffd0e120000 - 0x00007ffd0e1d1000 	C:\WINDOWS\System32\ADVAPI32.dll
0x00007ffd0f490000 - 0x00007ffd0f537000 	C:\WINDOWS\System32\sechost.dll
0x00007ffd0d210000 - 0x00007ffd0d238000 	C:\WINDOWS\System32\bcrypt.dll
0x00007ffd0e000000 - 0x00007ffd0e114000 	C:\WINDOWS\System32\RPCRT4.dll
0x00007ffd0ddc0000 - 0x00007ffd0de31000 	C:\WINDOWS\System32\WS2_32.dll
0x00007ffd0c600000 - 0x00007ffd0c64d000 	C:\WINDOWS\SYSTEM32\POWRPROF.dll
0x00007ffd07c50000 - 0x00007ffd07c5a000 	C:\WINDOWS\SYSTEM32\VERSION.dll
0x00007ffd072b0000 - 0x00007ffd072e4000 	C:\WINDOWS\SYSTEM32\WINMM.dll
0x00007ffd0c5e0000 - 0x00007ffd0c5f3000 	C:\WINDOWS\SYSTEM32\UMPDC.dll
0x00007ffd0b750000 - 0x00007ffd0b768000 	C:\WINDOWS\SYSTEM32\kernel.appcore.dll
0x00007ffd07220000 - 0x00007ffd0722a000 	D:\intellij\IntelliJ IDEA Community Edition 2024.3\jbr\bin\jimage.dll
0x00007ffd09ce0000 - 0x00007ffd09f12000 	C:\WINDOWS\SYSTEM32\DBGHELP.DLL
0x00007ffd0d9f0000 - 0x00007ffd0dd80000 	C:\WINDOWS\System32\combase.dll
0x00007ffd0e2e0000 - 0x00007ffd0e3b7000 	C:\WINDOWS\System32\OLEAUT32.dll
0x00007ffcf6580000 - 0x00007ffcf65b2000 	C:\WINDOWS\SYSTEM32\dbgcore.DLL
0x00007ffd0c730000 - 0x00007ffd0c7ab000 	C:\WINDOWS\System32\bcryptPrimitives.dll
0x00007ffceb1f0000 - 0x00007ffceb210000 	D:\intellij\IntelliJ IDEA Community Edition 2024.3\jbr\bin\java.dll

dbghelp: loaded successfully - version: 4.0.5 - missing functions: none
symbol engine: initialized successfully - sym options: 0x614 - pdb path: .;D:\intellij\IntelliJ IDEA Community Edition 2024.3\jbr\bin;C:\WINDOWS\SYSTEM32;C:\WINDOWS\WinSxS\amd64_microsoft.windows.common-controls_6595b64144ccf1df_6.0.22621.4830_none_270fe7d773858e80;D:\intellij\IntelliJ IDEA Community Edition 2024.3\jbr\bin\server

VM Arguments:
java_command: git4idea.http.GitAskPassApp Username for 'https://github.com': 
java_class_path (initial): D:/intellij/IntelliJ IDEA Community Edition 2024.3/plugins/vcs-git/lib/git4idea-rt.jar;D:/intellij/IntelliJ IDEA Community Edition 2024.3/lib/externalProcess-rt.jar
Launcher Type: SUN_STANDARD

[Global flags]
     intx CICompilerCount                          = 4                                         {product} {ergonomic}
     uint ConcGCThreads                            = 2                                         {product} {ergonomic}
     uint G1ConcRefinementThreads                  = 8                                         {product} {ergonomic}
   size_t G1HeapRegionSize                         = 1048576                                   {product} {ergonomic}
    uintx GCDrainStackTargetSize                   = 64                                        {product} {ergonomic}
   size_t InitialHeapSize                          = 117440512                                 {product} {ergonomic}
   size_t MarkStackSize                            = 4194304                                   {product} {ergonomic}
   size_t MaxHeapSize                              = 1862270976                                {product} {ergonomic}
   size_t MinHeapDeltaBytes                        = 1048576                                   {product} {ergonomic}
   size_t MinHeapSize                              = 8388608                                   {product} {ergonomic}
    uintx NonNMethodCodeHeapSize                   = 5839372                                {pd product} {ergonomic}
    uintx NonProfiledCodeHeapSize                  = 122909434                              {pd product} {ergonomic}
    uintx ProfiledCodeHeapSize                     = 122909434                              {pd product} {ergonomic}
    uintx ReservedCodeCacheSize                    = 251658240                              {pd product} {ergonomic}
     bool SegmentedCodeCache                       = true                                      {product} {ergonomic}
   size_t SoftMaxHeapSize                          = 1862270976                             {manageable} {ergonomic}
     bool UseCompressedOops                        = true                           {product lp64_product} {ergonomic}
     bool UseG1GC                                  = true                                      {product} {ergonomic}
     bool UseLargePagesIndividualAllocation        = false                                  {pd product} {ergonomic}

Logging:
Log output configuration:
 #0: stdout all=warning uptime,level,tags foldmultilines=false
 #1: stderr all=off uptime,level,tags foldmultilines=false

Environment Variables:
PATH=C:\Program Files\Git\mingw64\libexec\git-core;C:\Program Files\Git\mingw64\libexec\git-core;C:\Program Files\Git\mingw64\bin;C:\Program Files\Git\usr\bin;C:\Users\jeyab\bin;D:\vmware\bin;C:\Program Files\Common Files\Oracle\Java\javapath;C:\Program Files\Python311\Scripts;C:\Program Files\Python311;C:\WINDOWS\system32;C:\WINDOWS;C:\WINDOWS\System32\Wbem;C:\WINDOWS\System32\WindowsPowerShell\v1.0;C:\WINDOWS\System32\OpenSSH;C:\MinGW\bin;C:\Program Files\CMake\bin;C:\Program Files\Git\cmd;C:\Program Files\Git\mingw64\bin;C:\Program Files\Git\usr\bin;C:\Program Files\nodejs;C:\Program Files\Java\jdk-22\bin;D:\Jetbrains;D:\Jetbrains\scripts;C:\Python\Python37\Scripts;C:\Python\Python37;C:\Users\jeyab\AppData\Local\Microsoft\WindowsApps;C:\Program Files\CodeBlocks\MinGW\bin;C:\Users\jeyab\AppData\Local\Programs\Microsoft VS Code\bin;C:\Program Files\CMake\bin;C:\Users\jeyab\AppData\Roaming\npm;C:\Users\jeyab\AppData\Local\GitHubDesktop\bin;C:\Users\jeyab\AppData\Local\Programs\mongosh;C:\Program Files\MongoDB\Server\7.0\bin;C:\Users\jeyab\AppData\Local\JetBrains\Toolbox\scripts;D:\Jetbrains;D:\Jetbrains\scripts;D:\intellij\IntelliJ IDEA Community Edition 2024.3\bin
USERNAME=jeyab
DISPLAY=:0.0
LC_ALL=en_US.UTF-8
TERM=xterm-256color
TMPDIR=C:\Users\jeyab\AppData\Local\Temp
OS=Windows_NT
PROCESSOR_IDENTIFIER=AMD64 Family 23 Model 24 Stepping 1, AuthenticAMD
TMP=C:\Users\jeyab\AppData\Local\Temp
TEMP=C:\Users\jeyab\AppData\Local\Temp




Periodic native trim disabled

JNI global refs:
JNI global refs: 0, weak refs: 0

JNI global refs memory usage: 0, weak refs: 0

Process memory usage:
Resident Set Size: 11792K (0% of 7274124K total physical memory with 685540K free physical memory)

OOME stack traces (most recent first):
Classloader memory used:

---------------  S Y S T E M  ---------------

OS:
 Windows 11 , 64 bit Build 22621 (10.0.22621.4974)
OS uptime: 2 days 5:13 hours
Hyper-V role detected

CPU: total 8 (initial active 8) (8 cores per cpu, 2 threads per core) family 23 model 24 stepping 1 microcode 0x0, cx8, cmov, fxsr, ht, mmx, 3dnowpref, sse, sse2, sse3, ssse3, sse4a, sse4.1, sse4.2, popcnt, lzcnt, tsc, tscinvbit, avx, avx2, aes, clmul, bmi1, bmi2, adx, sha, fma, vzeroupper, clflush, clflushopt, hv, rdtscp, f16c
Processor Information for all 8 processors :
  Max Mhz: 2100, Current Mhz: 2100, Mhz Limit: 2100

Memory: 4k page, system-wide physical 7103M (669M free)
TotalPageFile size 12794M (AvailPageFile size 41M)
current process WorkingSet (physical memory assigned to process): 11M, peak: 11M
current process commit charge ("private bytes"): 60M, peak: 172M

vm_info: OpenJDK 64-Bit Server VM (21.0.5+8-b631.16) for windows-amd64 JRE (21.0.5+8-b631.16), built on 2024-11-02 by "builduser" with MS VC++ 16.10 / 16.11 (VS2019)

END.
