#
# There is insufficient memory for the Java Runtime Environment to continue.
# Native memory allocation (mmap) failed to map 65536 bytes. Error detail: Failed to commit metaspace.
# Possible reasons:
#   The system is out of physical RAM or swap space
#   This process is running with CompressedOops enabled, and the Java Heap may be blocking the growth of the native heap
# Possible solutions:
#   Reduce memory load on the system
#   Increase physical memory or swap space
#   Check if swap backing store is full
#   Decrease Java heap size (-Xmx/-Xms)
#   Decrease number of Java threads
#   Decrease Java thread stack sizes (-Xss)
#   Set larger code cache with -XX:ReservedCodeCacheSize=
#   JVM is running with Unscaled Compressed Oops mode in which the Java heap is
#     placed in the first 4GB address space. The Java Heap base address is the
#     maximum limit for the native heap growth. Please use -XX:HeapBaseMinAddress
#     to set the Java Heap base and to place the Java Heap above 4GB virtual address.
# This output file may be truncated or incomplete.
#
#  Out of Memory Error (virtualSpaceNode.cpp:113), pid=10252, tid=3428
#
# JRE version: OpenJDK Runtime Environment (23.0.2+7) (build 23.0.2+7-58)
# Java VM: OpenJDK 64-Bit Server VM (23.0.2+7-58, mixed mode, sharing, tiered, compressed oops, compressed class ptrs, g1 gc, windows-amd64)
# No core dump will be written. Minidumps are not enabled by default on client versions of Windows
#

---------------  S U M M A R Y ------------

Command Line: -javaagent:D:\intellij\IntelliJ IDEA Community Edition 2024.3\lib\idea_rt.jar=63591:D:\intellij\IntelliJ IDEA Community Edition 2024.3\bin -Dfile.encoding=UTF-8 -Dsun.stdout.encoding=UTF-8 -Dsun.stderr.encoding=UTF-8 com.ecom.customer_order.CustomerOrderApplication

Host: AMD Ryzen 5 3500U with Radeon Vega Mobile Gfx  , 8 cores, 6G,  Windows 11 , 64 bit Build 22621 (10.0.22621.4974)
Time: Mon Mar 10 11:19:14 2025 India Standard Time elapsed time: 0.593855 seconds (0d 0h 0m 0s)

---------------  T H R E A D  ---------------

Current thread (0x0000017ef3f95340):  JavaThread "main"             [_thread_in_vm, id=3428, stack(0x0000002842b00000,0x0000002842c00000) (1024K)]

Stack: [0x0000002842b00000,0x0000002842c00000]
Native frames: (J=compiled Java code, j=interpreted, Vv=VM code, C=native code)
V  [jvm.dll+0x6e0b99]  (no source info available)
V  [jvm.dll+0x87e2b3]  (no source info available)
V  [jvm.dll+0x88073e]  (no source info available)
V  [jvm.dll+0x880e13]  (no source info available)
V  [jvm.dll+0x27b006]  (no source info available)
V  [jvm.dll+0x879ebe]  (no source info available)
V  [jvm.dll+0x6822f5]  (no source info available)
V  [jvm.dll+0x68235a]  (no source info available)
V  [jvm.dll+0x684b9a]  (no source info available)
V  [jvm.dll+0x221aec]  (no source info available)
V  [jvm.dll+0x682d0e]  (no source info available)
V  [jvm.dll+0x26519f]  (no source info available)
V  [jvm.dll+0x68d0a4]  (no source info available)
V  [jvm.dll+0x2120f1]  (no source info available)
V  [jvm.dll+0x21255a]  (no source info available)
V  [jvm.dll+0x212f81]  (no source info available)
V  [jvm.dll+0x20822e]  (no source info available)
V  [jvm.dll+0x5be93f]  (no source info available)
V  [jvm.dll+0x219c3b]  (no source info available)
V  [jvm.dll+0x7f3670]  (no source info available)
V  [jvm.dll+0x7f4716]  (no source info available)
V  [jvm.dll+0x7f4d24]  (no source info available)
V  [jvm.dll+0x7f49a8]  (no source info available)
V  [jvm.dll+0x268acb]  (no source info available)
V  [jvm.dll+0x3d202e]  (no source info available)
C  0x0000017e8754afcc  (no source info available)

The last pc belongs to new (printed below).
Java frames: (J=compiled Java code, j=interpreted, Vv=VM code)
j  java.security.Policy.<clinit>()V+0 java.base@23.0.2
v  ~StubRoutines::call_stub 0x0000017e87530fcd
j  java.security.AccessControlContext.getDebug()Lsun/security/util/Debug;+10 java.base@23.0.2
j  java.security.AccessControlContext.checkPermission(Ljava/security/Permission;)V+16 java.base@23.0.2
j  java.security.AccessController.checkPermission(Ljava/security/Permission;)V+161 java.base@23.0.2
j  ch.qos.logback.core.util.Loader$1.run()Ljava/lang/Boolean;+9
j  ch.qos.logback.core.util.Loader$1.run()Ljava/lang/Object;+1
j  java.security.AccessController.executePrivileged(Ljava/security/PrivilegedAction;Ljava/security/AccessControlContext;Ljava/lang/Class;)Ljava/lang/Object;+29 java.base@23.0.2
j  java.security.AccessController.doPrivileged(Ljava/security/PrivilegedAction;)Ljava/lang/Object;+5 java.base@23.0.2
j  ch.qos.logback.core.util.Loader.<clinit>()V+34
v  ~StubRoutines::call_stub 0x0000017e87530fcd
j  ch.qos.logback.classic.util.ContextInitializer.autoConfig(Ljava/lang/ClassLoader;)V+1
j  ch.qos.logback.classic.util.ContextInitializer.autoConfig()V+6
j  ch.qos.logback.classic.spi.LogbackServiceProvider.initializeLoggerContext()V+11
j  ch.qos.logback.classic.spi.LogbackServiceProvider.initialize()V+21
j  org.slf4j.LoggerFactory.bind()V+37
j  org.slf4j.LoggerFactory.performInitialization()V+0
j  org.slf4j.LoggerFactory.getProvider()Lorg/slf4j/spi/SLF4JServiceProvider;+21
j  org.slf4j.LoggerFactory.getILoggerFactory()Lorg/slf4j/ILoggerFactory;+0
j  org.slf4j.LoggerFactory.getLogger(Ljava/lang/String;)Lorg/slf4j/Logger;+0
j  org.apache.commons.logging.LogAdapter$Slf4jAdapter.createLocationAwareLog(Ljava/lang/String;)Lorg/apache/commons/logging/Log;+1
j  org.apache.commons.logging.LogAdapter$$Lambda+0x0000017e9200a5d8.apply(Ljava/lang/Object;)Ljava/lang/Object;+4
j  org.apache.commons.logging.LogAdapter.createLog(Ljava/lang/String;)Lorg/apache/commons/logging/Log;+4
j  org.apache.commons.logging.LogFactory.getLog(Ljava/lang/String;)Lorg/apache/commons/logging/Log;+1
j  org.apache.commons.logging.LogFactory.getLog(Ljava/lang/Class;)Lorg/apache/commons/logging/Log;+4
j  org.springframework.boot.SpringApplication.<clinit>()V+2
v  ~StubRoutines::call_stub 0x0000017e87530fcd
j  com.ecom.customer_order.CustomerOrderApplication.main([Ljava/lang/String;)V+3
v  ~StubRoutines::call_stub 0x0000017e87530fcd
Lock stack of current Java thread (top to bottom):
LockStack[0]: java.lang.Class 
{0x00000000978ace80} - klass: 'java/lang/Class'
 - ---- fields (total size 27 words):
 - private volatile transient 'classRedefinedCount' 'I' @12  0 (0x00000000)
 - injected 'klass' 'J' @16  1643127023640 (0x0000017e9200a818)
 - injected 'array_klass' 'J' @24  0 (0x0000000000000000)
 - injected 'oop_size' 'I' @32  27 (0x0000001b)
 - injected 'static_oop_field_count' 'I' @36  19 (0x00000013)
 - private volatile transient 'cachedConstructor' 'Ljava/lang/reflect/Constructor;' @40  null (0x00000000)
 - private transient 'name' 'Ljava/lang/String;' @44  "org.slf4j.LoggerFactory"{0x00000000978ad468} (0x978ad468)
 - private transient 'module' 'Ljava/lang/Module;' @48  a 'java/lang/Module'{0x0000000097e04578} (0x97e04578)
 - private final 'classLoader' 'Ljava/lang/ClassLoader;' @52  a 'jdk/internal/loader/ClassLoaders$AppClassLoader'{0x0000000097e043b8} (0x97e043b8)
 - private transient 'classData' 'Ljava/lang/Object;' @56  null (0x00000000)
 - private transient 'packageName' 'Ljava/lang/String;' @60  "org.slf4j"{0x00000000978914f8} (0x978914f8)
 - private final 'componentType' 'Ljava/lang/Class;' @64  null (0x00000000)
 - private volatile transient 'reflectionData' 'Ljava/lang/ref/SoftReference;' @68  null (0x00000000)
 - private volatile transient 'genericInfo' 'Lsun/reflect/generics/repository/ClassRepository;' @72  null (0x00000000)
 - private volatile transient 'enumConstants' '[Ljava/lang/Object;' @76  null (0x00000000)
 - private volatile transient 'enumConstantDirectory' 'Ljava/util/Map;' @80  null (0x00000000)
 - private volatile transient 'annotationData' 'Ljava/lang/Class$AnnotationData;' @84  null (0x00000000)
 - private volatile transient 'annotationType' 'Lsun/reflect/annotation/AnnotationType;' @88  null (0x00000000)
 - transient 'classValueMap' 'Ljava/lang/ClassValue$ClassValueMap;' @92  null (0x00000000)
 - injected 'protection_domain' 'Ljava/lang/Object;' @96  a 'java/security/ProtectionDomain'{0x00000000978905f8} (0x978905f8)
 - injected 'signers_name' 'Ljava/lang/Object;' @100  null (0x00000000)
 - injected 'source_file' 'Ljava/lang/Object;' @104  null (0x00000000)
 - injected '<init_lock>' 'Ljava/lang/Object;' @108  null (0x00000000)
 - signature: Lorg/slf4j/LoggerFactory;
 - ---- static fields (19):
 - static final 'CODES_PREFIX' 'Ljava/lang/String;' @112  "https://www.slf4j.org/codes.html"{0x00000000978acf68} (0x978acf68)
 - static final 'NO_PROVIDERS_URL' 'Ljava/lang/String;' @116  "https://www.slf4j.org/codes.html#noProviders"{0x00000000978acfb0} (0x978acfb0)
 - static final 'IGNORED_BINDINGS_URL' 'Ljava/lang/String;' @120  "https://www.slf4j.org/codes.html#ignoredBindings"{0x00000000978ad008} (0x978ad008)
 - static final 'MULTIPLE_BINDINGS_URL' 'Ljava/lang/String;' @124  "https://www.slf4j.org/codes.html#multiple_bindings"{0x00000000978ad060} (0x978ad060)
 - static final 'VERSION_MISMATCH' 'Ljava/lang/String;' @128  "https://www.slf4j.org/codes.html#version_mismatch"{0x00000000978ad0c0} (0x978ad0c0)
 - static final 'SUBSTITUTE_LOGGER_URL' 'Ljava/lang/String;' @132  "https://www.slf4j.org/codes.html#substituteLogger"{0x00000000978ad120} (0x978ad120)
 - static final 'LOGGER_NAME_MISMATCH_URL' 'Ljava/lang/String;' @136  "https://www.slf4j.org/codes.html#loggerNameMismatch"{0x00000000978ad180} (0x978ad180)
 - static final 'REPLAY_URL' 'Ljava/lang/String;' @140  "https://www.slf4j.org/codes.html#replay"{0x00000000978ad1e0} (0x978ad1e0)
 - static final 'UNSUCCESSFUL_INIT_URL' 'Ljava/lang/String;' @144  "https://www.slf4j.org/codes.html#unsuccessfulInit"{0x00000000978ad230} (0x978ad230)
 - static final 'UNSUCCESSFUL_INIT_MSG' 'Ljava/lang/String;' @148  "org.slf4j.LoggerFactory in failed state. Original exception was thrown EARLIER. See also https://www.slf4j.org/codes.html#unsuccessfulInit"{0x00000000978ad290} (0x978ad290)
 - static final 'CONNECTED_WITH_MSG' 'Ljava/lang/String;' @152  "Connected with provider of type ["{0x00000000978ad348} (0x978ad348)
 - public static final 'PROVIDER_PROPERTY_KEY' 'Ljava/lang/String;' @156  "slf4j.provider"{0x00000000978ad398} (0x978ad398)
 - static final 'UNINITIALIZED' 'I' @188  0 (0x00000000)
 - static final 'ONGOING_INITIALIZATION' 'I' @192  1 (0x00000001)
 - static final 'FAILED_INITIALIZATION' 'I' @196  2 (0x00000002)
 - static final 'SUCCESSFUL_INITIALIZATION' 'I' @200  3 (0x00000003)
 - static final 'NOP_FALLBACK_INITIALIZATION' 'I' @204  4 (0x00000004)
 - static volatile 'INITIALIZATION_STATE' 'I' @208  1 (0x00000001)
 - static final 'SUBST_PROVIDER' 'Lorg/slf4j/helpers/SubstituteServiceProvider;' @160  a 'org/slf4j/helpers/SubstituteServiceProvider'{0x00000000978b7de0} (0x978b7de0)
 - static final 'NOP_FALLBACK_SERVICE_PROVIDER' 'Lorg/slf4j/helpers/NOP_FallbackServiceProvider;' @164  a 'org/slf4j/helpers/NOP_FallbackServiceProvider'{0x00000000978ca210} (0x978ca210)
 - static final 'DETECT_LOGGER_NAME_MISMATCH_PROPERTY' 'Ljava/lang/String;' @168  "slf4j.detectLoggerNameMismatch"{0x00000000978ad3d0} (0x978ad3d0)
 - static final 'JAVA_VENDOR_PROPERTY' 'Ljava/lang/String;' @172  "java.vendor.url"{0x0000000097f115b8} (0x97f115b8)
 - static 'DETECT_LOGGER_NAME_MISMATCH' 'Z' @212  false (0x00)
 - static volatile 'PROVIDER' 'Lorg/slf4j/spi/SLF4JServiceProvider;' @176  a 'ch/qos/logback/classic/spi/LogbackServiceProvider'{0x0000000097709ef8} (0x97709ef8)
 - private static final 'API_COMPATIBILITY_LIST' '[Ljava/lang/String;' @180  a 'java/lang/String'[1] {0x00000000978d1dc0} (0x978d1dc0)
 - private static final 'STATIC_LOGGER_BINDER_PATH' 'Ljava/lang/String;' @184  "org/slf4j/impl/StaticLoggerBinder.class"{0x00000000978ad418} (0x978ad418)

new  187 new  [0x0000017e8754ae40, 0x0000017e8754b050]  528 bytes
[MachCode]
  0x0000017e8754ae40: 4883 ec08 | c5fa 1104 | 24eb 1f48 | 83ec 10c5 | fb11 0424 | eb14 4883 | ec10 4889 | 0424 48c7 
  0x0000017e8754ae60: 4424 0800 | 0000 00eb | 0150 410f | b755 010f | cac1 ea10 | 488b 4de8 | 488b 4908 | 488b 4908 
  0x0000017e8754ae80: 488b 4108 | 807c 1004 | 070f 85e0 | 0000 0066 | 8b54 d148 | 488b 4928 | 488b 4cd1 | 0851 80b9 
  0x0000017e8754aea0: 3101 0000 | 040f 840d | 0000 004c | 3bb9 3801 | 0000 0f85 | b600 0000 | 8b51 08f6 | c201 0f85 
  0x0000017e8754aec0: aa00 0000 | 498b 87b8 | 0100 0048 | 8d1c 1049 | 3b9f c801 | 0000 0f87 | 9200 0000 | 4989 9fb8 
  0x0000017e8754aee0: 0100 0048 | 83ea 100f | 840f 0000 | 0033 c9c1 | ea03 4889 | 4cd0 0848 | ffca 75f6 | 48c7 0001 
  0x0000017e8754af00: 0000 0059 | 33f6 8970 | 0c49 ba00 | 0000 917e | 0100 0049 | 2bca 8948 | 0849 ba42 | bd84 b9fe 
  0x0000017e8754af20: 7f00 0041 | 803a 000f | 843c 0000 | 0050 488b | c848 83ec | 2040 f6c4 | 0f0f 8419 | 0000 0048 
  0x0000017e8754af40: 83ec 0848 | b830 f134 | b9fe 7f00 | 00ff d048 | 83c4 08e9 | 0c00 0000 | 48b8 30f1 | 34b9 fe7f 
  0x0000017e8754af60: 0000 ffd0 | 4883 c420 | 58e9 cb00 | 0000 5948 | 8b55 e848 | 8b52 0848 | 8b52 0845 | 0fb7 4501 
  0x0000017e8754af80: 410f c841 | c1e8 10e8 | 0500 0000 | e9a8 0000 | 0048 8d44 | 2408 4c89 | 6dc0 498b | cfc5 f877 
  0x0000017e8754afa0: 4989 afb0 | 0300 0049 | 8987 a003 | 0000 4883 | ec20 40f6 | c40f 0f84 | 1900 0000 | 4883 ec08 
  0x0000017e8754afc0: 48b8 e01f | fdb8 fe7f | 0000 ffd0 | 4883 c408 | e90c 0000 | 0048 b8e0 | 1ffd b8fe | 7f00 00ff 
  0x0000017e8754afe0: d048 83c4 | 2049 c787 | a003 0000 | 0000 0000 | 49c7 87b0 | 0300 0000 | 0000 0049 | c787 a803 
  0x0000017e8754b000: 0000 0000 | 0000 c5f8 | 7749 837f | 0800 0f84 | 0500 0000 | e9a7 5efe | ff49 8b87 | f803 0000 
  0x0000017e8754b020: 49c7 87f8 | 0300 0000 | 0000 004c | 8b6d c04c | 8b75 c84e | 8d74 f500 | c341 0fb6 | 5d03 4983 
  0x0000017e8754b040: c503 49ba | d085 88b9 | fe7f 0000 | 41ff 24da 
[/MachCode]

---------------  P R O C E S S  ---------------

Threads class SMR info:
_java_thread_list=0x0000017ed61eb660, length=13, elements={
0x0000017ef3f95340, 0x0000017eff7dc9f0, 0x0000017eff7dd910, 0x0000017eff7dfcd0,
0x0000017eff7e2ac0, 0x0000017eff7e4530, 0x0000017eff7e6fa0, 0x0000017eff7f23a0,
0x0000017eff7f4a00, 0x0000017eff7b5490, 0x0000017ed61db500, 0x0000017ed64c0040,
0x0000017ed640a830
}

Java Threads: ( => current thread )
=>0x0000017ef3f95340 JavaThread "main"                              [_thread_in_vm, id=3428, stack(0x0000002842b00000,0x0000002842c00000) (1024K)]
  0x0000017eff7dc9f0 JavaThread "Reference Handler"          daemon [_thread_blocked, id=3976, stack(0x0000002843300000,0x0000002843400000) (1024K)]
  0x0000017eff7dd910 JavaThread "Finalizer"                  daemon [_thread_blocked, id=8016, stack(0x0000002843400000,0x0000002843500000) (1024K)]
  0x0000017eff7dfcd0 JavaThread "Signal Dispatcher"          daemon [_thread_blocked, id=16328, stack(0x0000002843500000,0x0000002843600000) (1024K)]
  0x0000017eff7e2ac0 JavaThread "Attach Listener"            daemon [_thread_blocked, id=9788, stack(0x0000002843600000,0x0000002843700000) (1024K)]
  0x0000017eff7e4530 JavaThread "Service Thread"             daemon [_thread_blocked, id=14928, stack(0x0000002843700000,0x0000002843800000) (1024K)]
  0x0000017eff7e6fa0 JavaThread "Monitor Deflation Thread"   daemon [_thread_blocked, id=18360, stack(0x0000002843800000,0x0000002843900000) (1024K)]
  0x0000017eff7f23a0 JavaThread "C2 CompilerThread0"         daemon [_thread_blocked, id=7256, stack(0x0000002843900000,0x0000002843a00000) (1024K)]
  0x0000017eff7f4a00 JavaThread "C1 CompilerThread0"         daemon [_thread_blocked, id=12496, stack(0x0000002843a00000,0x0000002843b00000) (1024K)]
  0x0000017eff7b5490 JavaThread "Common-Cleaner"             daemon [_thread_blocked, id=17652, stack(0x0000002843b00000,0x0000002843c00000) (1024K)]
  0x0000017ed61db500 JavaThread "C2 CompilerThread1"         daemon [_thread_blocked, id=4128, stack(0x0000002843c00000,0x0000002843d00000) (1024K)]
  0x0000017ed64c0040 JavaThread "Monitor Ctrl-Break"         daemon [_thread_in_native, id=3440, stack(0x0000002843d00000,0x0000002843e00000) (1024K)]
  0x0000017ed640a830 JavaThread "Notification Thread"        daemon [_thread_blocked, id=2704, stack(0x0000002843e00000,0x0000002843f00000) (1024K)]
Total: 13

Other Threads:
  0x0000017eff7c3d20 VMThread "VM Thread"                           [id=12636, stack(0x0000002843200000,0x0000002843300000) (1024K)]
  0x0000017eff7b4990 WatcherThread "VM Periodic Task Thread"        [id=15484, stack(0x0000002843100000,0x0000002843200000) (1024K)]
  0x0000017ef3fe5220 WorkerThread "GC Thread#0"                     [id=4328, stack(0x0000002842c00000,0x0000002842d00000) (1024K)]
  0x0000017ef3ff79a0 ConcurrentGCThread "G1 Main Marker"            [id=16428, stack(0x0000002842d00000,0x0000002842e00000) (1024K)]
  0x0000017ef3ff84b0 WorkerThread "G1 Conc#0"                       [id=6468, stack(0x0000002842e00000,0x0000002842f00000) (1024K)]
  0x0000017ef404e270 ConcurrentGCThread "G1 Refine#0"               [id=1676, stack(0x0000002842f00000,0x0000002843000000) (1024K)]
  0x0000017eff68a130 ConcurrentGCThread "G1 Service"                [id=5216, stack(0x0000002843000000,0x0000002843100000) (1024K)]
Total: 7

Threads with active compile tasks:
Total: 0

VM state: not at safepoint (normal execution)

VM Mutex/Monitor currently owned by a thread:  ([mutex/lock_event])
[0x00007ffeb9872888] Metaspace_lock - owner thread: 0x0000017ef3f95340

Heap address: 0x0000000091000000, size: 1776 MB, Compressed Oops mode: 32-bit

CDS archive(s) mapped at: [0x0000017e91000000-0x0000017e91d70000-0x0000017e91d70000), size 14090240, SharedBaseAddress: 0x0000017e91000000, ArchiveRelocationMode: 1.
Compressed class space mapped at: 0x0000017e92000000-0x0000017ed2000000, reserved size: 1073741824
Narrow klass base: 0x0000017e91000000, Narrow klass shift: 0, Narrow klass range: 0x41000000

GC Precious Log:
 CardTable entry size: 512
 Card Set container configuration: InlinePtr #cards 5 size 8 Array Of Cards #cards 10 size 36 Howl #buckets 4 coarsen threshold 1843 Howl Bitmap #cards 512 size 80 coarsen threshold 460 Card regions per heap region 1 cards per card region 2048
 CPUs: 8 total, 8 available
 Memory: 7103M
 Large Page Support: Disabled
 NUMA Support: Disabled
 Compressed Oops: Enabled (32-bit)
 Heap Region Size: 1M
 Heap Min Capacity: 8M
 Heap Initial Capacity: 112M
 Heap Max Capacity: 1776M
 Pre-touch: Disabled
 Parallel Workers: 8
 Concurrent Workers: 2
 Concurrent Refinement Workers: 8
 Periodic GC: Disabled

Heap:
 garbage-first heap   total reserved 1818624K, committed 114688K, used 10240K [0x0000000091000000, 0x0000000100000000)
  region size 1024K, 9 young (9216K), 0 survivors (0K)
 Metaspace       used 1722K, committed 1856K, reserved 1114112K
  class space    used 144K, committed 256K, reserved 1048576K

Heap Regions: E=young(eden), S=young(survivor), O=old, HS=humongous(starts), HC=humongous(continues), CS=collection set, F=free, TAMS=top-at-mark-start, PB=parsable bottom
|   0|0x0000000091000000, 0x0000000091100000, 0x0000000091100000|100%|HS|  |TAMS 0x0000000091000000| PB 0x0000000091000000| Complete |  0
|   1|0x0000000091100000, 0x0000000091200000, 0x0000000091200000|100%|HS|  |TAMS 0x0000000091100000| PB 0x0000000091100000| Complete |  0
|   2|0x0000000091200000, 0x0000000091200000, 0x0000000091300000|  0%| F|  |TAMS 0x0000000091200000| PB 0x0000000091200000| Untracked |  0
|   3|0x0000000091300000, 0x0000000091300000, 0x0000000091400000|  0%| F|  |TAMS 0x0000000091300000| PB 0x0000000091300000| Untracked |  0
|   4|0x0000000091400000, 0x0000000091400000, 0x0000000091500000|  0%| F|  |TAMS 0x0000000091400000| PB 0x0000000091400000| Untracked |  0
|   5|0x0000000091500000, 0x0000000091500000, 0x0000000091600000|  0%| F|  |TAMS 0x0000000091500000| PB 0x0000000091500000| Untracked |  0
|   6|0x0000000091600000, 0x0000000091600000, 0x0000000091700000|  0%| F|  |TAMS 0x0000000091600000| PB 0x0000000091600000| Untracked |  0
|   7|0x0000000091700000, 0x0000000091700000, 0x0000000091800000|  0%| F|  |TAMS 0x0000000091700000| PB 0x0000000091700000| Untracked |  0
|   8|0x0000000091800000, 0x0000000091800000, 0x0000000091900000|  0%| F|  |TAMS 0x0000000091800000| PB 0x0000000091800000| Untracked |  0
|   9|0x0000000091900000, 0x0000000091900000, 0x0000000091a00000|  0%| F|  |TAMS 0x0000000091900000| PB 0x0000000091900000| Untracked |  0
|  10|0x0000000091a00000, 0x0000000091a00000, 0x0000000091b00000|  0%| F|  |TAMS 0x0000000091a00000| PB 0x0000000091a00000| Untracked |  0
|  11|0x0000000091b00000, 0x0000000091b00000, 0x0000000091c00000|  0%| F|  |TAMS 0x0000000091b00000| PB 0x0000000091b00000| Untracked |  0
|  12|0x0000000091c00000, 0x0000000091c00000, 0x0000000091d00000|  0%| F|  |TAMS 0x0000000091c00000| PB 0x0000000091c00000| Untracked |  0
|  13|0x0000000091d00000, 0x0000000091d00000, 0x0000000091e00000|  0%| F|  |TAMS 0x0000000091d00000| PB 0x0000000091d00000| Untracked |  0
|  14|0x0000000091e00000, 0x0000000091e00000, 0x0000000091f00000|  0%| F|  |TAMS 0x0000000091e00000| PB 0x0000000091e00000| Untracked |  0
|  15|0x0000000091f00000, 0x0000000091f00000, 0x0000000092000000|  0%| F|  |TAMS 0x0000000091f00000| PB 0x0000000091f00000| Untracked |  0
|  16|0x0000000092000000, 0x0000000092000000, 0x0000000092100000|  0%| F|  |TAMS 0x0000000092000000| PB 0x0000000092000000| Untracked |  0
|  17|0x0000000092100000, 0x0000000092100000, 0x0000000092200000|  0%| F|  |TAMS 0x0000000092100000| PB 0x0000000092100000| Untracked |  0
|  18|0x0000000092200000, 0x0000000092200000, 0x0000000092300000|  0%| F|  |TAMS 0x0000000092200000| PB 0x0000000092200000| Untracked |  0
|  19|0x0000000092300000, 0x0000000092300000, 0x0000000092400000|  0%| F|  |TAMS 0x0000000092300000| PB 0x0000000092300000| Untracked |  0
|  20|0x0000000092400000, 0x0000000092400000, 0x0000000092500000|  0%| F|  |TAMS 0x0000000092400000| PB 0x0000000092400000| Untracked |  0
|  21|0x0000000092500000, 0x0000000092500000, 0x0000000092600000|  0%| F|  |TAMS 0x0000000092500000| PB 0x0000000092500000| Untracked |  0
|  22|0x0000000092600000, 0x0000000092600000, 0x0000000092700000|  0%| F|  |TAMS 0x0000000092600000| PB 0x0000000092600000| Untracked |  0
|  23|0x0000000092700000, 0x0000000092700000, 0x0000000092800000|  0%| F|  |TAMS 0x0000000092700000| PB 0x0000000092700000| Untracked |  0
|  24|0x0000000092800000, 0x0000000092800000, 0x0000000092900000|  0%| F|  |TAMS 0x0000000092800000| PB 0x0000000092800000| Untracked |  0
|  25|0x0000000092900000, 0x0000000092900000, 0x0000000092a00000|  0%| F|  |TAMS 0x0000000092900000| PB 0x0000000092900000| Untracked |  0
|  26|0x0000000092a00000, 0x0000000092a00000, 0x0000000092b00000|  0%| F|  |TAMS 0x0000000092a00000| PB 0x0000000092a00000| Untracked |  0
|  27|0x0000000092b00000, 0x0000000092b00000, 0x0000000092c00000|  0%| F|  |TAMS 0x0000000092b00000| PB 0x0000000092b00000| Untracked |  0
|  28|0x0000000092c00000, 0x0000000092c00000, 0x0000000092d00000|  0%| F|  |TAMS 0x0000000092c00000| PB 0x0000000092c00000| Untracked |  0
|  29|0x0000000092d00000, 0x0000000092d00000, 0x0000000092e00000|  0%| F|  |TAMS 0x0000000092d00000| PB 0x0000000092d00000| Untracked |  0
|  30|0x0000000092e00000, 0x0000000092e00000, 0x0000000092f00000|  0%| F|  |TAMS 0x0000000092e00000| PB 0x0000000092e00000| Untracked |  0
|  31|0x0000000092f00000, 0x0000000092f00000, 0x0000000093000000|  0%| F|  |TAMS 0x0000000092f00000| PB 0x0000000092f00000| Untracked |  0
|  32|0x0000000093000000, 0x0000000093000000, 0x0000000093100000|  0%| F|  |TAMS 0x0000000093000000| PB 0x0000000093000000| Untracked |  0
|  33|0x0000000093100000, 0x0000000093100000, 0x0000000093200000|  0%| F|  |TAMS 0x0000000093100000| PB 0x0000000093100000| Untracked |  0
|  34|0x0000000093200000, 0x0000000093200000, 0x0000000093300000|  0%| F|  |TAMS 0x0000000093200000| PB 0x0000000093200000| Untracked |  0
|  35|0x0000000093300000, 0x0000000093300000, 0x0000000093400000|  0%| F|  |TAMS 0x0000000093300000| PB 0x0000000093300000| Untracked |  0
|  36|0x0000000093400000, 0x0000000093400000, 0x0000000093500000|  0%| F|  |TAMS 0x0000000093400000| PB 0x0000000093400000| Untracked |  0
|  37|0x0000000093500000, 0x0000000093500000, 0x0000000093600000|  0%| F|  |TAMS 0x0000000093500000| PB 0x0000000093500000| Untracked |  0
|  38|0x0000000093600000, 0x0000000093600000, 0x0000000093700000|  0%| F|  |TAMS 0x0000000093600000| PB 0x0000000093600000| Untracked |  0
|  39|0x0000000093700000, 0x0000000093700000, 0x0000000093800000|  0%| F|  |TAMS 0x0000000093700000| PB 0x0000000093700000| Untracked |  0
|  40|0x0000000093800000, 0x0000000093800000, 0x0000000093900000|  0%| F|  |TAMS 0x0000000093800000| PB 0x0000000093800000| Untracked |  0
|  41|0x0000000093900000, 0x0000000093900000, 0x0000000093a00000|  0%| F|  |TAMS 0x0000000093900000| PB 0x0000000093900000| Untracked |  0
|  42|0x0000000093a00000, 0x0000000093a00000, 0x0000000093b00000|  0%| F|  |TAMS 0x0000000093a00000| PB 0x0000000093a00000| Untracked |  0
|  43|0x0000000093b00000, 0x0000000093b00000, 0x0000000093c00000|  0%| F|  |TAMS 0x0000000093b00000| PB 0x0000000093b00000| Untracked |  0
|  44|0x0000000093c00000, 0x0000000093c00000, 0x0000000093d00000|  0%| F|  |TAMS 0x0000000093c00000| PB 0x0000000093c00000| Untracked |  0
|  45|0x0000000093d00000, 0x0000000093d00000, 0x0000000093e00000|  0%| F|  |TAMS 0x0000000093d00000| PB 0x0000000093d00000| Untracked |  0
|  46|0x0000000093e00000, 0x0000000093e00000, 0x0000000093f00000|  0%| F|  |TAMS 0x0000000093e00000| PB 0x0000000093e00000| Untracked |  0
|  47|0x0000000093f00000, 0x0000000093f00000, 0x0000000094000000|  0%| F|  |TAMS 0x0000000093f00000| PB 0x0000000093f00000| Untracked |  0
|  48|0x0000000094000000, 0x0000000094000000, 0x0000000094100000|  0%| F|  |TAMS 0x0000000094000000| PB 0x0000000094000000| Untracked |  0
|  49|0x0000000094100000, 0x0000000094100000, 0x0000000094200000|  0%| F|  |TAMS 0x0000000094100000| PB 0x0000000094100000| Untracked |  0
|  50|0x0000000094200000, 0x0000000094200000, 0x0000000094300000|  0%| F|  |TAMS 0x0000000094200000| PB 0x0000000094200000| Untracked |  0
|  51|0x0000000094300000, 0x0000000094300000, 0x0000000094400000|  0%| F|  |TAMS 0x0000000094300000| PB 0x0000000094300000| Untracked |  0
|  52|0x0000000094400000, 0x0000000094400000, 0x0000000094500000|  0%| F|  |TAMS 0x0000000094400000| PB 0x0000000094400000| Untracked |  0
|  53|0x0000000094500000, 0x0000000094500000, 0x0000000094600000|  0%| F|  |TAMS 0x0000000094500000| PB 0x0000000094500000| Untracked |  0
|  54|0x0000000094600000, 0x0000000094600000, 0x0000000094700000|  0%| F|  |TAMS 0x0000000094600000| PB 0x0000000094600000| Untracked |  0
|  55|0x0000000094700000, 0x0000000094700000, 0x0000000094800000|  0%| F|  |TAMS 0x0000000094700000| PB 0x0000000094700000| Untracked |  0
|  56|0x0000000094800000, 0x0000000094800000, 0x0000000094900000|  0%| F|  |TAMS 0x0000000094800000| PB 0x0000000094800000| Untracked |  0
|  57|0x0000000094900000, 0x0000000094900000, 0x0000000094a00000|  0%| F|  |TAMS 0x0000000094900000| PB 0x0000000094900000| Untracked |  0
|  58|0x0000000094a00000, 0x0000000094a00000, 0x0000000094b00000|  0%| F|  |TAMS 0x0000000094a00000| PB 0x0000000094a00000| Untracked |  0
|  59|0x0000000094b00000, 0x0000000094b00000, 0x0000000094c00000|  0%| F|  |TAMS 0x0000000094b00000| PB 0x0000000094b00000| Untracked |  0
|  60|0x0000000094c00000, 0x0000000094c00000, 0x0000000094d00000|  0%| F|  |TAMS 0x0000000094c00000| PB 0x0000000094c00000| Untracked |  0
|  61|0x0000000094d00000, 0x0000000094d00000, 0x0000000094e00000|  0%| F|  |TAMS 0x0000000094d00000| PB 0x0000000094d00000| Untracked |  0
|  62|0x0000000094e00000, 0x0000000094e00000, 0x0000000094f00000|  0%| F|  |TAMS 0x0000000094e00000| PB 0x0000000094e00000| Untracked |  0
|  63|0x0000000094f00000, 0x0000000094f00000, 0x0000000095000000|  0%| F|  |TAMS 0x0000000094f00000| PB 0x0000000094f00000| Untracked |  0
|  64|0x0000000095000000, 0x0000000095000000, 0x0000000095100000|  0%| F|  |TAMS 0x0000000095000000| PB 0x0000000095000000| Untracked |  0
|  65|0x0000000095100000, 0x0000000095100000, 0x0000000095200000|  0%| F|  |TAMS 0x0000000095100000| PB 0x0000000095100000| Untracked |  0
|  66|0x0000000095200000, 0x0000000095200000, 0x0000000095300000|  0%| F|  |TAMS 0x0000000095200000| PB 0x0000000095200000| Untracked |  0
|  67|0x0000000095300000, 0x0000000095300000, 0x0000000095400000|  0%| F|  |TAMS 0x0000000095300000| PB 0x0000000095300000| Untracked |  0
|  68|0x0000000095400000, 0x0000000095400000, 0x0000000095500000|  0%| F|  |TAMS 0x0000000095400000| PB 0x0000000095400000| Untracked |  0
|  69|0x0000000095500000, 0x0000000095500000, 0x0000000095600000|  0%| F|  |TAMS 0x0000000095500000| PB 0x0000000095500000| Untracked |  0
|  70|0x0000000095600000, 0x0000000095600000, 0x0000000095700000|  0%| F|  |TAMS 0x0000000095600000| PB 0x0000000095600000| Untracked |  0
|  71|0x0000000095700000, 0x0000000095700000, 0x0000000095800000|  0%| F|  |TAMS 0x0000000095700000| PB 0x0000000095700000| Untracked |  0
|  72|0x0000000095800000, 0x0000000095800000, 0x0000000095900000|  0%| F|  |TAMS 0x0000000095800000| PB 0x0000000095800000| Untracked |  0
|  73|0x0000000095900000, 0x0000000095900000, 0x0000000095a00000|  0%| F|  |TAMS 0x0000000095900000| PB 0x0000000095900000| Untracked |  0
|  74|0x0000000095a00000, 0x0000000095a00000, 0x0000000095b00000|  0%| F|  |TAMS 0x0000000095a00000| PB 0x0000000095a00000| Untracked |  0
|  75|0x0000000095b00000, 0x0000000095b00000, 0x0000000095c00000|  0%| F|  |TAMS 0x0000000095b00000| PB 0x0000000095b00000| Untracked |  0
|  76|0x0000000095c00000, 0x0000000095c00000, 0x0000000095d00000|  0%| F|  |TAMS 0x0000000095c00000| PB 0x0000000095c00000| Untracked |  0
|  77|0x0000000095d00000, 0x0000000095d00000, 0x0000000095e00000|  0%| F|  |TAMS 0x0000000095d00000| PB 0x0000000095d00000| Untracked |  0
|  78|0x0000000095e00000, 0x0000000095e00000, 0x0000000095f00000|  0%| F|  |TAMS 0x0000000095e00000| PB 0x0000000095e00000| Untracked |  0
|  79|0x0000000095f00000, 0x0000000095f00000, 0x0000000096000000|  0%| F|  |TAMS 0x0000000095f00000| PB 0x0000000095f00000| Untracked |  0
|  80|0x0000000096000000, 0x0000000096000000, 0x0000000096100000|  0%| F|  |TAMS 0x0000000096000000| PB 0x0000000096000000| Untracked |  0
|  81|0x0000000096100000, 0x0000000096100000, 0x0000000096200000|  0%| F|  |TAMS 0x0000000096100000| PB 0x0000000096100000| Untracked |  0
|  82|0x0000000096200000, 0x0000000096200000, 0x0000000096300000|  0%| F|  |TAMS 0x0000000096200000| PB 0x0000000096200000| Untracked |  0
|  83|0x0000000096300000, 0x0000000096300000, 0x0000000096400000|  0%| F|  |TAMS 0x0000000096300000| PB 0x0000000096300000| Untracked |  0
|  84|0x0000000096400000, 0x0000000096400000, 0x0000000096500000|  0%| F|  |TAMS 0x0000000096400000| PB 0x0000000096400000| Untracked |  0
|  85|0x0000000096500000, 0x0000000096500000, 0x0000000096600000|  0%| F|  |TAMS 0x0000000096500000| PB 0x0000000096500000| Untracked |  0
|  86|0x0000000096600000, 0x0000000096600000, 0x0000000096700000|  0%| F|  |TAMS 0x0000000096600000| PB 0x0000000096600000| Untracked |  0
|  87|0x0000000096700000, 0x0000000096700000, 0x0000000096800000|  0%| F|  |TAMS 0x0000000096700000| PB 0x0000000096700000| Untracked |  0
|  88|0x0000000096800000, 0x0000000096800000, 0x0000000096900000|  0%| F|  |TAMS 0x0000000096800000| PB 0x0000000096800000| Untracked |  0
|  89|0x0000000096900000, 0x0000000096900000, 0x0000000096a00000|  0%| F|  |TAMS 0x0000000096900000| PB 0x0000000096900000| Untracked |  0
|  90|0x0000000096a00000, 0x0000000096a00000, 0x0000000096b00000|  0%| F|  |TAMS 0x0000000096a00000| PB 0x0000000096a00000| Untracked |  0
|  91|0x0000000096b00000, 0x0000000096b00000, 0x0000000096c00000|  0%| F|  |TAMS 0x0000000096b00000| PB 0x0000000096b00000| Untracked |  0
|  92|0x0000000096c00000, 0x0000000096c00000, 0x0000000096d00000|  0%| F|  |TAMS 0x0000000096c00000| PB 0x0000000096c00000| Untracked |  0
|  93|0x0000000096d00000, 0x0000000096d00000, 0x0000000096e00000|  0%| F|  |TAMS 0x0000000096d00000| PB 0x0000000096d00000| Untracked |  0
|  94|0x0000000096e00000, 0x0000000096e00000, 0x0000000096f00000|  0%| F|  |TAMS 0x0000000096e00000| PB 0x0000000096e00000| Untracked |  0
|  95|0x0000000096f00000, 0x0000000096f00000, 0x0000000097000000|  0%| F|  |TAMS 0x0000000096f00000| PB 0x0000000096f00000| Untracked |  0
|  96|0x0000000097000000, 0x0000000097000000, 0x0000000097100000|  0%| F|  |TAMS 0x0000000097000000| PB 0x0000000097000000| Untracked |  0
|  97|0x0000000097100000, 0x0000000097100000, 0x0000000097200000|  0%| F|  |TAMS 0x0000000097100000| PB 0x0000000097100000| Untracked |  0
|  98|0x0000000097200000, 0x0000000097200000, 0x0000000097300000|  0%| F|  |TAMS 0x0000000097200000| PB 0x0000000097200000| Untracked |  0
|  99|0x0000000097300000, 0x0000000097300000, 0x0000000097400000|  0%| F|  |TAMS 0x0000000097300000| PB 0x0000000097300000| Untracked |  0
| 100|0x0000000097400000, 0x0000000097400000, 0x0000000097500000|  0%| F|  |TAMS 0x0000000097400000| PB 0x0000000097400000| Untracked |  0
| 101|0x0000000097500000, 0x0000000097500000, 0x0000000097600000|  0%| F|  |TAMS 0x0000000097500000| PB 0x0000000097500000| Untracked |  0
| 102|0x0000000097600000, 0x0000000097600000, 0x0000000097700000|  0%| F|  |TAMS 0x0000000097600000| PB 0x0000000097600000| Untracked |  0
| 103|0x0000000097700000, 0x000000009777ce20, 0x0000000097800000| 48%| E|  |TAMS 0x0000000097700000| PB 0x0000000097700000| Complete |  0
| 104|0x0000000097800000, 0x0000000097900000, 0x0000000097900000|100%| E|CS|TAMS 0x0000000097800000| PB 0x0000000097800000| Complete |  0
| 105|0x0000000097900000, 0x0000000097a00000, 0x0000000097a00000|100%| E|CS|TAMS 0x0000000097900000| PB 0x0000000097900000| Complete |  0
| 106|0x0000000097a00000, 0x0000000097b00000, 0x0000000097b00000|100%| E|CS|TAMS 0x0000000097a00000| PB 0x0000000097a00000| Complete |  0
| 107|0x0000000097b00000, 0x0000000097c00000, 0x0000000097c00000|100%| E|CS|TAMS 0x0000000097b00000| PB 0x0000000097b00000| Complete |  0
| 108|0x0000000097c00000, 0x0000000097d00000, 0x0000000097d00000|100%| E|CS|TAMS 0x0000000097c00000| PB 0x0000000097c00000| Complete |  0
| 109|0x0000000097d00000, 0x0000000097e00000, 0x0000000097e00000|100%| E|CS|TAMS 0x0000000097d00000| PB 0x0000000097d00000| Complete |  0
| 110|0x0000000097e00000, 0x0000000097f00000, 0x0000000097f00000|100%| E|CS|TAMS 0x0000000097e00000| PB 0x0000000097e00000| Complete |  0
| 111|0x0000000097f00000, 0x0000000098000000, 0x0000000098000000|100%| E|CS|TAMS 0x0000000097f00000| PB 0x0000000097f00000| Complete |  0

Card table byte_map: [0x0000017efce80000,0x0000017efd200000] _byte_map_base: 0x0000017efc9f8000

Marking Bits: (CMBitMap*) 0x0000017ef3fe5930
 Bits: [0x0000017efd200000, 0x0000017efedc0000)

Polling page: 0x0000017ef1f70000

Metaspace:

Usage:
  Non-class:      1.54 MB used.
      Class:    144.02 KB used.
       Both:      1.68 MB used.

Virtual space:
  Non-class space:       64.00 MB reserved,       1.56 MB (  2%) committed,  1 nodes.
      Class space:        1.00 GB reserved,     256.00 KB ( <1%) committed,  1 nodes.
             Both:        1.06 GB reserved,       1.81 MB ( <1%) committed. 

Chunk freelists:
   Non-Class:  11.44 MB
       Class:  15.67 MB
        Both:  27.11 MB

MaxMetaspaceSize: unlimited
CompressedClassSpaceSize: 1.00 GB
Initial GC threshold: 21.00 MB
Current GC threshold: 21.00 MB
CDS: on
 - commit_granule_bytes: 65536.
 - commit_granule_words: 8192.
 - virtual_space_node_default_size: 8388608.
 - enlarge_chunks_in_place: 1.
 - use_allocation_guard: 0.


Internal statistics:

num_allocs_failed_limit: 0.
num_arena_births: 22.
num_arena_deaths: 0.
num_vsnodes_births: 2.
num_vsnodes_deaths: 0.
num_space_committed: 29.
num_space_uncommitted: 0.
num_chunks_returned_to_freelist: 0.
num_chunks_taken_from_freelist: 53.
num_chunk_merges: 0.
num_chunk_splits: 36.
num_chunks_enlarged: 27.
num_inconsistent_stats: 0.

CodeHeap 'non-profiled nmethods': size=120064Kb used=161Kb max_used=161Kb free=119902Kb
 bounds [0x0000017e87ac0000, 0x0000017e87d30000, 0x0000017e8f000000]
CodeHeap 'profiled nmethods': size=120000Kb used=519Kb max_used=519Kb free=119480Kb
 bounds [0x0000017e80000000, 0x0000017e80270000, 0x0000017e87530000]
CodeHeap 'non-nmethods': size=5696Kb used=1315Kb max_used=1336Kb free=4380Kb
 bounds [0x0000017e87530000, 0x0000017e877a0000, 0x0000017e87ac0000]
CodeCache: size=245760Kb, used=1995Kb, max_used=2016Kb, free=243762Kb
 total_blobs=947, nmethods=514, adapters=339, full_count=0
Compilation: enabled, stopped_count=0, restarted_count=0

Compilation events (20 events):
Event: 0.571 Thread 0x0000017eff7f4a00  505       3       java.lang.Math::max (12 bytes)
Event: 0.571 Thread 0x0000017eff7f4a00 nmethod 505 0x0000017e8007d388 code [0x0000017e8007d4a0, 0x0000017e8007d5d0]
Event: 0.572 Thread 0x0000017eff7f4a00  506       3       java.lang.String::indexOf (18 bytes)
Event: 0.573 Thread 0x0000017eff7f4a00 nmethod 506 0x0000017e8007d688 code [0x0000017e8007d7c0, 0x0000017e8007da88]
Event: 0.573 Thread 0x0000017eff7f4a00  507       3       java.lang.String::indexOf (101 bytes)
Event: 0.574 Thread 0x0000017eff7f4a00 nmethod 507 0x0000017e8007db08 code [0x0000017e8007dcc0, 0x0000017e8007e248]
Event: 0.574 Thread 0x0000017eff7f4a00  508       3       java.lang.Math::clamp (49 bytes)
Event: 0.575 Thread 0x0000017eff7f4a00 nmethod 508 0x0000017e8007e288 code [0x0000017e8007e460, 0x0000017e8007eca0]
Event: 0.575 Thread 0x0000017eff7f4a00  509       3       jdk.internal.access.SharedSecrets::javaUtilJarAccess (19 bytes)
Event: 0.575 Thread 0x0000017eff7f4a00 nmethod 509 0x0000017e8007ed08 code [0x0000017e8007eea0, 0x0000017e8007f318]
Event: 0.577 Thread 0x0000017eff7f4a00  510   !   3       jdk.internal.loader.BuiltinClassLoader::loadClassOrNull (143 bytes)
Event: 0.579 Thread 0x0000017eff7f4a00 nmethod 510 0x0000017e8007f388 code [0x0000017e8007f5e0, 0x0000017e80080568]
Event: 0.579 Thread 0x0000017eff7f4a00  511       3       java.lang.ClassLoader::getClassLoadingLock (35 bytes)
Event: 0.580 Thread 0x0000017eff7f4a00 nmethod 511 0x0000017e80080608 code [0x0000017e80080740, 0x0000017e80080a28]
Event: 0.580 Thread 0x0000017eff7f4a00  512       3       java.lang.ClassLoader::findLoadedClass (15 bytes)
Event: 0.580 Thread 0x0000017eff7f4a00 nmethod 512 0x0000017e80080a88 code [0x0000017e80080bc0, 0x0000017e80080da8]
Event: 0.583 Thread 0x0000017eff7f4a00  513       3       java.lang.StringConcatHelper::newString (67 bytes)
Event: 0.585 Thread 0x0000017eff7f4a00 nmethod 513 0x0000017e80080e08 code [0x0000017e80081000, 0x0000017e80081a00]
Event: 0.585 Thread 0x0000017eff7f4a00  514       3       jdk.internal.ref.CleanerFactory::cleaner (4 bytes)
Event: 0.585 Thread 0x0000017eff7f4a00 nmethod 514 0x0000017e80081a88 code [0x0000017e80081ba0, 0x0000017e80081c98]

GC Heap History (0 events):
No events

Dll operation events (10 events):
Event: 0.023 Loaded shared library C:\Users\jeyab\.jdks\openjdk-23.0.2\bin\java.dll
Event: 0.075 Loaded shared library C:\Users\jeyab\.jdks\openjdk-23.0.2\bin\jsvml.dll
Event: 0.261 Loaded shared library C:\Users\jeyab\.jdks\openjdk-23.0.2\bin\zip.dll
Event: 0.268 Loaded shared library C:\Users\jeyab\.jdks\openjdk-23.0.2\bin\instrument.dll
Event: 0.276 Loaded shared library C:\Users\jeyab\.jdks\openjdk-23.0.2\bin\net.dll
Event: 0.279 Loaded shared library C:\Users\jeyab\.jdks\openjdk-23.0.2\bin\nio.dll
Event: 0.284 Loaded shared library C:\Users\jeyab\.jdks\openjdk-23.0.2\bin\zip.dll
Event: 0.447 Loaded shared library D:\intellij\IntelliJ IDEA Community Edition 2024.3\bin\breakgen64.dll
Event: 0.464 Loaded shared library C:\Users\jeyab\.jdks\openjdk-23.0.2\bin\extnet.dll
Event: 0.535 Loaded shared library C:\Users\jeyab\.jdks\openjdk-23.0.2\bin\jimage.dll

Deoptimization events (20 events):
Event: 0.426 Thread 0x0000017ef3f95340 Uncommon trap: trap_request=0xffffff45 fr.pc=0x0000017e87ad4b1c relative=0x000000000000017c
Event: 0.426 Thread 0x0000017ef3f95340 Uncommon trap: reason=unstable_if action=reinterpret pc=0x0000017e87ad4b1c method=java.util.zip.ZipFile$Source.isMetaName([BII)Z @ 57 c2
Event: 0.426 Thread 0x0000017ef3f95340 DEOPT PACKING pc=0x0000017e87ad4b1c sp=0x0000002842bfe260
Event: 0.426 Thread 0x0000017ef3f95340 DEOPT UNPACKING pc=0x0000017e87584402 sp=0x0000002842bfe208 mode 2
Event: 0.449 Thread 0x0000017ef3f95340 Uncommon trap: trap_request=0xffffff45 fr.pc=0x0000017e87ac1cdc relative=0x000000000000005c
Event: 0.449 Thread 0x0000017ef3f95340 Uncommon trap: reason=unstable_if action=reinterpret pc=0x0000017e87ac1cdc method=java.lang.String.isLatin1()Z @ 10 c2
Event: 0.449 Thread 0x0000017ef3f95340 DEOPT PACKING pc=0x0000017e87ac1cdc sp=0x0000002842bfe690
Event: 0.449 Thread 0x0000017ef3f95340 DEOPT UNPACKING pc=0x0000017e87584402 sp=0x0000002842bfe620 mode 2
Event: 0.449 Thread 0x0000017ef3f95340 Uncommon trap: trap_request=0xffffff45 fr.pc=0x0000017e87ac2050 relative=0x00000000000000b0
Event: 0.449 Thread 0x0000017ef3f95340 Uncommon trap: reason=unstable_if action=reinterpret pc=0x0000017e87ac2050 method=java.lang.String.isLatin1()Z @ 10 c2
Event: 0.449 Thread 0x0000017ef3f95340 DEOPT PACKING pc=0x0000017e87ac2050 sp=0x0000002842bff000
Event: 0.449 Thread 0x0000017ef3f95340 DEOPT UNPACKING pc=0x0000017e87584402 sp=0x0000002842bfef40 mode 2
Event: 0.541 Thread 0x0000017ef3f95340 Uncommon trap: trap_request=0xffffff45 fr.pc=0x0000017e87ad79e0 relative=0x0000000000000060
Event: 0.541 Thread 0x0000017ef3f95340 Uncommon trap: reason=unstable_if action=reinterpret pc=0x0000017e87ad79e0 method=java.io.WinNTFileSystem.isSlash(C)Z @ 9 c2
Event: 0.541 Thread 0x0000017ef3f95340 DEOPT PACKING pc=0x0000017e87ad79e0 sp=0x0000002842bfdd90
Event: 0.541 Thread 0x0000017ef3f95340 DEOPT UNPACKING pc=0x0000017e87584402 sp=0x0000002842bfdd18 mode 2
Event: 0.544 Thread 0x0000017ef3f95340 DEOPT PACKING pc=0x0000017e8002df06 sp=0x0000002842bfd1c0
Event: 0.544 Thread 0x0000017ef3f95340 DEOPT UNPACKING pc=0x0000017e87584b22 sp=0x0000002842bfc650 mode 0
Event: 0.546 Thread 0x0000017ef3f95340 DEOPT PACKING pc=0x0000017e8002df06 sp=0x0000002842bf9a10
Event: 0.546 Thread 0x0000017ef3f95340 DEOPT UNPACKING pc=0x0000017e87584b22 sp=0x0000002842bf8ea0 mode 0

Classes loaded (20 events):
Event: 0.540 Loading class sun/net/www/URLConnection
Event: 0.540 Loading class sun/net/www/URLConnection done
Event: 0.540 Loading class sun/net/www/protocol/file/FileURLConnection done
Event: 0.540 Loading class sun/net/www/MessageHeader
Event: 0.541 Loading class sun/net/www/MessageHeader done
Event: 0.541 Loading class sun/net/www/protocol/jar/URLJarFile
Event: 0.541 Loading class sun/net/www/protocol/jar/URLJarFile done
Event: 0.542 Loading class sun/net/www/protocol/jar/URLJarFile$URLJarFileEntry
Event: 0.542 Loading class sun/net/www/protocol/jar/URLJarFile$URLJarFileEntry done
Event: 0.542 Loading class sun/net/www/protocol/jar/JarURLConnection$JarURLInputStream
Event: 0.542 Loading class sun/net/www/protocol/jar/JarURLConnection$JarURLInputStream done
Event: 0.543 Loading class java/util/LinkedHashMap$LinkedKeySet
Event: 0.543 Loading class java/util/LinkedHashMap$LinkedKeySet done
Event: 0.543 Loading class java/util/LinkedHashMap$LinkedKeyIterator
Event: 0.544 Loading class java/util/LinkedHashMap$LinkedKeyIterator done
Event: 0.560 Loading class java/lang/IndexOutOfBoundsException
Event: 0.560 Loading class java/lang/IndexOutOfBoundsException done
Event: 0.584 Loading class java/security/Policy
Event: 0.585 Loading class java/security/Policy done
Event: 0.585 Loading class java/security/Policy$UnsupportedEmptyCollection

Classes unloaded (0 events):
No events

Classes redefined (0 events):
No events

Internal exceptions (2 events):
Event: 0.439 Thread 0x0000017ef3f95340 Exception <a 'java/lang/NoSuchMethodError'{0x0000000097921a58}: 'java.lang.Object java.lang.invoke.Invokers$Holder.invokeExact_MT(java.lang.Object, java.lang.Object, java.lang.Object, java.lang.Object, java.lang.Object)'> (0x0000000097921a58) 
thrown [s\open\src\hotspot\share\interpreter\linkResolver.cpp, line 796]
Event: 0.467 Thread 0x0000017ed64c0040 Exception <a 'java/lang/NoSuchMethodError'{0x0000000097985968}: 'void java.lang.invoke.DirectMethodHandle$Holder.invokeStatic(java.lang.Object, java.lang.Object)'> (0x0000000097985968) 
thrown [s\open\src\hotspot\share\interpreter\linkResolver.cpp, line 796]

VM Operations (8 events):
Event: 0.238 Executing VM operation: HandshakeAllThreads (Deoptimize)
Event: 0.238 Executing VM operation: HandshakeAllThreads (Deoptimize) done
Event: 0.452 Executing VM operation: HandshakeAllThreads (Deoptimize)
Event: 0.452 Executing VM operation: HandshakeAllThreads (Deoptimize) done
Event: 0.493 Executing VM operation: HandshakeAllThreads (Deoptimize)
Event: 0.493 Executing VM operation: HandshakeAllThreads (Deoptimize) done
Event: 0.541 Executing VM operation: HandshakeAllThreads (Deoptimize)
Event: 0.541 Executing VM operation: HandshakeAllThreads (Deoptimize) done

Memory protections (0 events):
No events

Nmethod flushes (0 events):
No events

Events (13 events):
Event: 0.047 Thread 0x0000017ef3f95340 Thread added: 0x0000017ef3f95340
Event: 0.069 Thread 0x0000017ef3f95340 Thread added: 0x0000017eff7dc9f0
Event: 0.070 Thread 0x0000017ef3f95340 Thread added: 0x0000017eff7dd910
Event: 0.070 Thread 0x0000017ef3f95340 Thread added: 0x0000017eff7dfcd0
Event: 0.070 Thread 0x0000017ef3f95340 Thread added: 0x0000017eff7e2ac0
Event: 0.070 Thread 0x0000017ef3f95340 Thread added: 0x0000017eff7e4530
Event: 0.070 Thread 0x0000017ef3f95340 Thread added: 0x0000017eff7e6fa0
Event: 0.070 Thread 0x0000017ef3f95340 Thread added: 0x0000017eff7f23a0
Event: 0.071 Thread 0x0000017ef3f95340 Thread added: 0x0000017eff7f4a00
Event: 0.224 Thread 0x0000017ef3f95340 Thread added: 0x0000017eff7b5490
Event: 0.258 Thread 0x0000017eff7f4a00 Thread added: 0x0000017ed61db500
Event: 0.448 Thread 0x0000017ef3f95340 Thread added: 0x0000017ed64c0040
Event: 0.448 Thread 0x0000017ef3f95340 Thread added: 0x0000017ed640a830


Dynamic libraries:
0x00007ff65a1d0000 - 0x00007ff65a1de000 	C:\Users\jeyab\.jdks\openjdk-23.0.2\bin\java.exe
0x00007fff3e670000 - 0x00007fff3e887000 	C:\WINDOWS\SYSTEM32\ntdll.dll
0x00007fff3cbc0000 - 0x00007fff3cc84000 	C:\WINDOWS\System32\KERNEL32.DLL
0x00007fff3bcd0000 - 0x00007fff3c0a1000 	C:\WINDOWS\System32\KERNELBASE.dll
0x00007fff3c220000 - 0x00007fff3c331000 	C:\WINDOWS\System32\ucrtbase.dll
0x00007fff20b80000 - 0x00007fff20b97000 	C:\Users\jeyab\.jdks\openjdk-23.0.2\bin\jli.dll
0x00007fff2a180000 - 0x00007fff2a19b000 	C:\Users\jeyab\.jdks\openjdk-23.0.2\bin\VCRUNTIME140.dll
0x00007fff3cfd0000 - 0x00007fff3d181000 	C:\WINDOWS\System32\USER32.dll
0x00007fff3b7b0000 - 0x00007fff3b7d6000 	C:\WINDOWS\System32\win32u.dll
0x00007fff25f70000 - 0x00007fff26202000 	C:\WINDOWS\WinSxS\amd64_microsoft.windows.common-controls_6595b64144ccf1df_6.0.22621.4830_none_270fe7d773858e80\COMCTL32.dll
0x00007fff3e5e0000 - 0x00007fff3e609000 	C:\WINDOWS\System32\GDI32.dll
0x00007fff3c940000 - 0x00007fff3c9e7000 	C:\WINDOWS\System32\msvcrt.dll
0x00007fff3bbb0000 - 0x00007fff3bccb000 	C:\WINDOWS\System32\gdi32full.dll
0x00007fff3b7e0000 - 0x00007fff3b87a000 	C:\WINDOWS\System32\msvcp_win.dll
0x00007fff3c790000 - 0x00007fff3c7c1000 	C:\WINDOWS\System32\IMM32.DLL
0x00007fff370c0000 - 0x00007fff370cc000 	C:\Users\jeyab\.jdks\openjdk-23.0.2\bin\vcruntime140_1.dll
0x00007fff10020000 - 0x00007fff100ae000 	C:\Users\jeyab\.jdks\openjdk-23.0.2\bin\msvcp140.dll
0x00007ffeb8c00000 - 0x00007ffeb9950000 	C:\Users\jeyab\.jdks\openjdk-23.0.2\bin\server\jvm.dll
0x00007fff3cda0000 - 0x00007fff3ce51000 	C:\WINDOWS\System32\ADVAPI32.dll
0x00007fff3de80000 - 0x00007fff3df27000 	C:\WINDOWS\System32\sechost.dll
0x00007fff3ba40000 - 0x00007fff3ba68000 	C:\WINDOWS\System32\bcrypt.dll
0x00007fff3dc10000 - 0x00007fff3dd24000 	C:\WINDOWS\System32\RPCRT4.dll
0x00007fff3e560000 - 0x00007fff3e5d1000 	C:\WINDOWS\System32\WS2_32.dll
0x00007fff35fb0000 - 0x00007fff35fe4000 	C:\WINDOWS\SYSTEM32\WINMM.dll
0x00007fff32b20000 - 0x00007fff32b2a000 	C:\WINDOWS\SYSTEM32\VERSION.dll
0x00007fff3b680000 - 0x00007fff3b6cd000 	C:\WINDOWS\SYSTEM32\POWRPROF.dll
0x00007fff3b660000 - 0x00007fff3b673000 	C:\WINDOWS\SYSTEM32\UMPDC.dll
0x00007fff3a7d0000 - 0x00007fff3a7e8000 	C:\WINDOWS\SYSTEM32\kernel.appcore.dll
0x00007fff36020000 - 0x00007fff3602a000 	C:\Users\jeyab\.jdks\openjdk-23.0.2\bin\jimage.dll
0x00007fff38d60000 - 0x00007fff38f92000 	C:\WINDOWS\SYSTEM32\DBGHELP.DLL
0x00007fff3c370000 - 0x00007fff3c700000 	C:\WINDOWS\System32\combase.dll
0x00007fff3db30000 - 0x00007fff3dc07000 	C:\WINDOWS\System32\OLEAUT32.dll
0x00007fff265a0000 - 0x00007fff265d2000 	C:\WINDOWS\SYSTEM32\dbgcore.DLL
0x00007fff3b880000 - 0x00007fff3b8fb000 	C:\WINDOWS\System32\bcryptPrimitives.dll
0x00007fff1ab30000 - 0x00007fff1ab3f000 	C:\Users\jeyab\.jdks\openjdk-23.0.2\bin\instrument.dll
0x00007fff20260000 - 0x00007fff2027e000 	C:\Users\jeyab\.jdks\openjdk-23.0.2\bin\java.dll
0x00007fff3df30000 - 0x00007fff3e0d1000 	C:\WINDOWS\System32\ole32.dll
0x00007fff3d2a0000 - 0x00007fff3db28000 	C:\WINDOWS\System32\SHELL32.dll
0x00007fff3b900000 - 0x00007fff3ba3f000 	C:\WINDOWS\System32\wintypes.dll
0x00007fff396c0000 - 0x00007fff39fcc000 	C:\WINDOWS\SYSTEM32\windows.storage.dll
0x00007fff3d190000 - 0x00007fff3d29a000 	C:\WINDOWS\System32\SHCORE.dll
0x00007fff3cf20000 - 0x00007fff3cf7e000 	C:\WINDOWS\System32\shlwapi.dll
0x00007fff3b6e0000 - 0x00007fff3b70b000 	C:\WINDOWS\SYSTEM32\profapi.dll
0x00007ffeb8b20000 - 0x00007ffeb8bf7000 	C:\Users\jeyab\.jdks\openjdk-23.0.2\bin\jsvml.dll
0x00007fff10000000 - 0x00007fff10017000 	C:\Users\jeyab\.jdks\openjdk-23.0.2\bin\zip.dll
0x00007fff2a170000 - 0x00007fff2a180000 	C:\Users\jeyab\.jdks\openjdk-23.0.2\bin\net.dll
0x00007fff3ac40000 - 0x00007fff3acaa000 	C:\WINDOWS\system32\mswsock.dll
0x00007fff20240000 - 0x00007fff20256000 	C:\Users\jeyab\.jdks\openjdk-23.0.2\bin\nio.dll
0x00007fff0ff70000 - 0x00007fff0ff8a000 	D:\intellij\IntelliJ IDEA Community Edition 2024.3\bin\breakgen64.dll
0x00007fff20b70000 - 0x00007fff20b79000 	C:\Users\jeyab\.jdks\openjdk-23.0.2\bin\extnet.dll

dbghelp: loaded successfully - version: 4.0.5 - missing functions: none
symbol engine: initialized successfully - sym options: 0x614 - pdb path: .;C:\Users\jeyab\.jdks\openjdk-23.0.2\bin;C:\WINDOWS\SYSTEM32;C:\WINDOWS\WinSxS\amd64_microsoft.windows.common-controls_6595b64144ccf1df_6.0.22621.4830_none_270fe7d773858e80;C:\Users\jeyab\.jdks\openjdk-23.0.2\bin\server;D:\intellij\IntelliJ IDEA Community Edition 2024.3\bin

VM Arguments:
jvm_args: -javaagent:D:\intellij\IntelliJ IDEA Community Edition 2024.3\lib\idea_rt.jar=63591:D:\intellij\IntelliJ IDEA Community Edition 2024.3\bin -Dfile.encoding=UTF-8 -Dsun.stdout.encoding=UTF-8 -Dsun.stderr.encoding=UTF-8 
java_command: com.ecom.customer_order.CustomerOrderApplication
java_class_path (initial): D:\NM-Spring\customer-order\target\classes;C:\Users\jeyab\.m2\repository\org\springframework\boot\spring-boot-starter-data-jpa\3.4.3\spring-boot-starter-data-jpa-3.4.3.jar;C:\Users\jeyab\.m2\repository\org\springframework\boot\spring-boot-starter\3.4.3\spring-boot-starter-3.4.3.jar;C:\Users\jeyab\.m2\repository\org\springframework\boot\spring-boot\3.4.3\spring-boot-3.4.3.jar;C:\Users\jeyab\.m2\repository\org\springframework\boot\spring-boot-autoconfigure\3.4.3\spring-boot-autoconfigure-3.4.3.jar;C:\Users\jeyab\.m2\repository\org\springframework\boot\spring-boot-starter-logging\3.4.3\spring-boot-starter-logging-3.4.3.jar;C:\Users\jeyab\.m2\repository\ch\qos\logback\logback-classic\1.5.16\logback-classic-1.5.16.jar;C:\Users\jeyab\.m2\repository\ch\qos\logback\logback-core\1.5.16\logback-core-1.5.16.jar;C:\Users\jeyab\.m2\repository\org\apache\logging\log4j\log4j-to-slf4j\2.24.3\log4j-to-slf4j-2.24.3.jar;C:\Users\jeyab\.m2\repository\org\apache\logging\log4j\log4j-api\2.24.3\log4j-api-2.24.3.jar;C:\Users\jeyab\.m2\repository\org\slf4j\jul-to-slf4j\2.0.16\jul-to-slf4j-2.0.16.jar;C:\Users\jeyab\.m2\repository\jakarta\annotation\jakarta.annotation-api\2.1.1\jakarta.annotation-api-2.1.1.jar;C:\Users\jeyab\.m2\repository\org\yaml\snakeyaml\2.3\snakeyaml-2.3.jar;C:\Users\jeyab\.m2\repository\org\springframework\boot\spring-boot-starter-jdbc\3.4.3\spring-boot-starter-jdbc-3.4.3.jar;C:\Users\jeyab\.m2\repository\com\zaxxer\HikariCP\5.1.0\HikariCP-5.1.0.jar;C:\Users\jeyab\.m2\repository\org\springframework\spring-jdbc\6.2.3\spring-jdbc-6.2.3.jar;C:\Users\jeyab\.m2\repository\org\hibernate\orm\hibernate-core\6.6.8.Final\hibernate-core-6.6.8.Final.jar;C:\Users\jeyab\.m2\repository\jakarta\persistence\jakarta.persistence-api\3.1.0\jakarta.persistence-api-3.1.0.jar;C:\Users\jeyab\.m2\repository\jakarta\transaction\jakarta.transaction-api\2.0.1\jakarta.transaction-api-2.0.1.jar;C:\Users\jeyab\.m2\repository\org\jboss\logging\jboss-logging\3.6.1.Final\jboss-logging-3.6.1.Final.jar;C:\Users\jeyab\.m2\repository\org\hibernate\common\hibernate-commons-annotations\7.0.3.Final\hibernate-commons-annotations-7.0.3.Final.jar;C:\Users\jeyab\.m2\repository\io\smallrye\jandex\3.2.0\jandex-3.2.0.jar;C:\Users\jeyab\.m2\repository\com\fasterxml\classmate\1.7.0\classmate-1.7.0.jar;C:\Users\jeyab\.m2\repository\net\bytebuddy\byte-buddy\1.15.11\byte-buddy-1.15.11.jar;C:\Users\jeyab\.m2\repository\org\glassfish\jaxb\jaxb-runtime\4.0.5\jaxb-runtime-4.0.5.jar;C:\Users\jeyab\.m2\repository\org\glassfish\jaxb\jaxb-core\4.0.5\jaxb-core-4.0.5.jar;C:\Users\jeyab\.m2\repository\org\eclipse\angus\angus-activation\2.0.2\angus-activation-2.0.2.jar;C:\Users\jeyab\.m2\repository\org\glassfish\jaxb\txw2\4.0.5\txw2-4.0.5.jar;C:\Users\jeyab\.m2\repository\com\sun\istack\istack-commons-runtime\4.1.2\istack-commons-runtime-4.1.2.jar;C:\Users\jeyab\.m2\repository\jakarta\inject\jakarta.inject-api\2.0.1\jakarta.inject-api-2.0.1.jar;C:\Users\jeyab\.m2\repository\org\antlr\antlr4-runtime\4.13.0\antlr4-runtime-4.13.0.jar;C:\Users\jeyab\.m2\repository\org\springframework\data\spring-data-jpa\3.4.3\spring-data-jpa-3.4.3.jar;C:\Users\jeyab\.m2\repository\org\springframework\data\spring-data-commons\3.4.3\spring-data-commons-3.4.3.jar;C:\Users\jeyab\.m2\repository\org\springframework\spring-orm\6.2.3\spring-orm-6.2.3.jar;C:\Users\jeyab\.m2\repository\org\springframework\spring-context\6.2.3\spring-context-6.2.3.jar;C:\Users\jeyab\.m2\repository\org\springframework\spring-aop\6.2.3\spring-aop-6.2.3.jar;C:\Users\jeyab\.m2\repository\org\springframework\spring-tx\6.2.3\spring-tx-6.2.3.jar;C:\Users\jeyab\.m2\repository\org\springframework\spring-beans\6.2.3\spring-beans-6.2.3.jar;C:\Users\jeyab\.m2\repository\org\slf4j\slf4j-api\2.0.16\slf4j-api-2.0.16.jar;C:\Users\jeyab\.m2\repository\org\springframework\spring-aspects\6.2.3\spring-aspects-6.2.3.jar;C:\Users\jeyab\.m2\repository\org\aspectj\aspectjweaver\1.9.22.1\aspectjweaver-1.9.22.1.jar;C:\Users\jeyab\.m2\repository\org\springframework\boot\spring-boot-starter-web\3.4.3\spring-boot-starter-web-3.4.3.jar;C:\Users\jeyab\.m2\repository\org\springframework\boot\spring-boot-starter-json\3.4.3\spring-boot-starter-json-3.4.3.jar;C:\Users\jeyab\.m2\repository\com\fasterxml\jackson\core\jackson-databind\2.18.2\jackson-databind-2.18.2.jar;C:\Users\jeyab\.m2\repository\com\fasterxml\jackson\core\jackson-annotations\2.18.2\jackson-annotations-2.18.2.jar;C:\Users\jeyab\.m2\repository\com\fasterxml\jackson\core\jackson-core\2.18.2\jackson-core-2.18.2.jar;C:\Users\jeyab\.m2\repository\com\fasterxml\jackson\datatype\jackson-datatype-jdk8\2.18.2\jackson-datatype-jdk8-2.18.2.jar;C:\Users\jeyab\.m2\repository\com\fasterxml\jackson\datatype\jackson-datatype-jsr310\2.18.2\jackson-datatype-jsr310-2.18.2.jar;C:\Users\jeyab\.m2\repository\com\fasterxml\jackson\module\jackson-module-parameter-names\2.18.2\jackson-module-parameter-names-2.18.2.jar;C:\Users\jeyab\.m2\repository\org\springframework\boot\spring-boot-starter-tomcat\3.4.3\spring-boot-starter-tomcat-3.4.3.jar;C:\Users\jeyab\.m2\repository\org\apache\tomcat\embed\tomcat-embed-core\10.1.36\tomcat-embed-core-10.1.36.jar;C:\Users\jeyab\.m2\repository\org\apache\tomcat\embed\tomcat-embed-el\10.1.36\tomcat-embed-el-10.1.36.jar;C:\Users\jeyab\.m2\repository\org\apache\tomcat\embed\tomcat-embed-websocket\10.1.36\tomcat-embed-websocket-10.1.36.jar;C:\Users\jeyab\.m2\repository\org\springframework\spring-web\6.2.3\spring-web-6.2.3.jar;C:\Users\jeyab\.m2\repository\io\micrometer\micrometer-observation\1.14.4\micrometer-observation-1.14.4.jar;C:\Users\jeyab\.m2\repository\io\micrometer\micrometer-commons\1.14.4\micrometer-commons-1.14.4.jar;C:\Users\jeyab\.m2\repository\org\springframework\spring-webmvc\6.2.3\spring-webmvc-6.2.3.jar;C:\Users\jeyab\.m2\repository\org\springframework\spring-expression\6.2.3\spring-expression-6.2.3.jar;C:\Users\jeyab\.m2\repository\org\projectlombok\lombok\1.18.36\lombok-1.18.36.jar;C:\Users\jeyab\.m2\repository\jakarta\xml\bind\jakarta.xml.bind-api\4.0.2\jakarta.xml.bind-api-4.0.2.jar;C:\Users\jeyab\.m2\repository\jakarta\activation\jakarta.activation-api\2.1.3\jakarta.activation-api-2.1.3.jar;C:\Users\jeyab\.m2\repository\org\springframework\spring-core\6.2.3\spring-core-6.2.3.jar;C:\Users\jeyab\.m2\repository\org\springframework\spring-jcl\6.2.3\spring-jcl-6.2.3.jar
Launcher Type: SUN_STANDARD

[Global flags]
     intx CICompilerCount                          = 4                                         {product} {ergonomic}
     uint ConcGCThreads                            = 2                                         {product} {ergonomic}
     uint G1ConcRefinementThreads                  = 8                                         {product} {ergonomic}
   size_t G1HeapRegionSize                         = 1048576                                   {product} {ergonomic}
   size_t InitialHeapSize                          = 117440512                                 {product} {ergonomic}
   size_t MarkStackSize                            = 4194304                                   {product} {ergonomic}
   size_t MarkStackSizeMax                         = 536870912                                 {product} {ergonomic}
   size_t MaxHeapSize                              = 1862270976                                {product} {ergonomic}
   size_t MaxNewSize                               = 1116733440                                {product} {ergonomic}
   size_t MinHeapDeltaBytes                        = 1048576                                   {product} {ergonomic}
   size_t MinHeapSize                              = 8388608                                   {product} {ergonomic}
    uintx NonNMethodCodeHeapSize                   = 5832704                                {pd product} {ergonomic}
    uintx NonProfiledCodeHeapSize                  = 122945536                              {pd product} {ergonomic}
    uintx ProfiledCodeHeapSize                     = 122880000                              {pd product} {ergonomic}
    uintx ReservedCodeCacheSize                    = 251658240                              {pd product} {ergonomic}
     bool SegmentedCodeCache                       = true                                      {product} {ergonomic}
   size_t SoftMaxHeapSize                          = 1862270976                             {manageable} {ergonomic}
     bool UseCompressedOops                        = true                           {product lp64_product} {ergonomic}
     bool UseG1GC                                  = true                                      {product} {ergonomic}
     bool UseLargePagesIndividualAllocation        = false                                  {pd product} {ergonomic}

Logging:
Log output configuration:
 #0: stdout all=warning uptime,level,tags foldmultilines=false
 #1: stderr all=off uptime,level,tags foldmultilines=false

Environment Variables:
PATH=D:\vmware\bin\;C:\Program Files\Common Files\Oracle\Java\javapath;C:\Program Files\Python311\Scripts\;C:\Program Files\Python311\;C:\WINDOWS\system32;C:\WINDOWS;C:\WINDOWS\System32\Wbem;C:\WINDOWS\System32\WindowsPowerShell\v1.0\;C:\WINDOWS\System32\OpenSSH\;C:\MinGW\bin;C:\Program Files\CMake\bin;C:\Program Files\Git\cmd;C:\Program Files\Git\mingw64\bin;C:\Program Files\Git\usr\bin;C:\Program Files\nodejs\;C:\Program Files\Java\jdk-22\bin;D:\Jetbrains;D:\Jetbrains\scripts;C:\Python\Python37\Scripts\;C:\Python\Python37\;C:\Users\jeyab\AppData\Local\Microsoft\WindowsApps;C:\Program Files\CodeBlocks\MinGW\bin;C:\Users\jeyab\AppData\Local\Programs\Microsoft VS Code\bin;C:\Program Files\CMake\bin;C:\Users\jeyab\AppData\Roaming\npm;C:\Users\jeyab\AppData\Local\GitHubDesktop\bin;C:\Users\jeyab\AppData\Local\Programs\mongosh\;C:\Program Files\MongoDB\Server\7.0\bin;C:\Users\jeyab\AppData\Local\JetBrains\Toolbox\scripts;D:\Jetbrains;D:\Jetbrains\scripts;;D:\intellij\IntelliJ IDEA Community Edition 2024.3\bin;
USERNAME=jeyab
OS=Windows_NT
PROCESSOR_IDENTIFIER=AMD64 Family 23 Model 24 Stepping 1, AuthenticAMD
TMP=C:\Users\jeyab\AppData\Local\Temp
TEMP=C:\Users\jeyab\AppData\Local\Temp




Periodic native trim disabled

---------------  S Y S T E M  ---------------

OS:
 Windows 11 , 64 bit Build 22621 (10.0.22621.4974)
OS uptime: 0 days 0:10 hours
Hyper-V role detected

CPU: total 8 (initial active 8) (8 cores per cpu, 2 threads per core) family 23 model 24 stepping 1 microcode 0x0, cx8, cmov, fxsr, ht, mmx, 3dnowpref, sse, sse2, sse3, ssse3, sse4a, sse4.1, sse4.2, popcnt, lzcnt, tsc, tscinvbit, avx, avx2, aes, clmul, bmi1, bmi2, adx, sha, fma, vzeroupper, clflush, clflushopt, hv, rdtscp, f16c
Processor Information for the first 8 processors :
  Max Mhz: 2100, Current Mhz: 2100, Mhz Limit: 2100

Memory: 4k page, system-wide physical 7103M (424M free)
TotalPageFile size 10498M (AvailPageFile size 143M)
current process WorkingSet (physical memory assigned to process): 52M, peak: 52M
current process commit charge ("private bytes"): 199M, peak: 199M

vm_info: OpenJDK 64-Bit Server VM (23.0.2+7-58) for windows-amd64 JRE (23.0.2+7-58), built on 2024-11-29T09:34:55Z with MS VC++ 17.6 (VS2022)

END.
